<?xml version="1.0" encoding="UTF-8"?>
<coverage generated="1731168706366" clover="3.2.0">
  <project timestamp="1731168706367" name="All files">
    <metrics statements="18" coveredstatements="17" conditionals="0" coveredconditionals="0" methods="5" coveredmethods="5" elements="23" coveredelements="22" complexity="0" loc="18" ncloc="18" packages="2" files="4" classes="4"/>
    <package name="intro">
      <metrics statements="3" coveredstatements="3" conditionals="0" coveredconditionals="0" methods="2" coveredmethods="2"/>
      <file name="math_functions.js" path="/home/hrh/Documents/Workspace/Devops/Works/NodeJsTestingJest/Codes/unit_tests/intro/math_functions.js">
        <metrics statements="3" coveredstatements="3" conditionals="0" coveredconditionals="0" methods="2" coveredmethods="2"/>
        <line num="3" count="5" type="stmt"/>
        <line num="7" count="5" type="stmt"/>
        <line num="10" count="1" type="stmt"/>
      </file>
    </package>
    <package name="medium">
      <metrics statements="15" coveredstatements="14" conditionals="0" coveredconditionals="0" methods="3" coveredmethods="3"/>
      <file name="fetchData.js" path="/home/hrh/Documents/Workspace/Devops/Works/NodeJsTestingJest/Codes/unit_tests/medium/fetchData.js">
        <metrics statements="4" coveredstatements="4" conditionals="0" coveredconditionals="0" methods="1" coveredmethods="1"/>
        <line num="1" count="3" type="stmt"/>
        <line num="4" count="2" type="stmt"/>
        <line num="5" count="1" type="stmt"/>
        <line num="8" count="3" type="stmt"/>
      </file>
      <file name="user.js" path="/home/hrh/Documents/Workspace/Devops/Works/NodeJsTestingJest/Codes/unit_tests/medium/user.js">
        <metrics statements="4" coveredstatements="4" conditionals="0" coveredconditionals="0" methods="1" coveredmethods="1"/>
        <line num="1" count="1" type="stmt"/>
        <line num="4" count="1" type="stmt"/>
        <line num="5" count="1" type="stmt"/>
        <line num="8" count="1" type="stmt"/>
      </file>
      <file name="user_with_error_handling.js" path="/home/hrh/Documents/Workspace/Devops/Works/NodeJsTestingJest/Codes/unit_tests/medium/user_with_error_handling.js">
        <metrics statements="7" coveredstatements="6" conditionals="0" coveredconditionals="0" methods="1" coveredmethods="1"/>
        <line num="1" count="1" type="stmt"/>
        <line num="4" count="1" type="stmt"/>
        <line num="5" count="1" type="stmt"/>
        <line num="6" count="1" type="stmt"/>
        <line num="7" count="0" type="stmt"/>
        <line num="9" count="1" type="stmt"/>
        <line num="13" count="1" type="stmt"/>
      </file>
    </package>
  </project>
</coverage>
