{"/home/hrh/Documents/Workspace/Devops/Works/NodeJsTestingJest/Codes/unit_tests/intro/math_functions.js": {"path":"/home/hrh/Documents/Workspace/Devops/Works/NodeJsTestingJest/Codes/unit_tests/intro/math_functions.js","statementMap":{"0":{"start":{"line":3,"column":4},"end":{"line":3,"column":17}},"1":{"start":{"line":7,"column":4},"end":{"line":7,"column":17}},"2":{"start":{"line":10,"column":0},"end":{"line":10,"column":35}}},"fnMap":{"0":{"name":"add","decl":{"start":{"line":2,"column":9},"end":{"line":2,"column":12}},"loc":{"start":{"line":2,"column":19},"end":{"line":4,"column":1}},"line":2},"1":{"name":"subtract","decl":{"start":{"line":6,"column":9},"end":{"line":6,"column":17}},"loc":{"start":{"line":6,"column":24},"end":{"line":8,"column":1}},"line":6}},"branchMap":{},"s":{"0":5,"1":5,"2":1},"f":{"0":5,"1":5},"b":{},"_coverageSchema":"1a1c01bbd47fc00a2c39e90264f33305004495a9","hash":"c20f5f18afb01516af3cbbae2caec945c86c5ce0"}
,"/home/hrh/Documents/Workspace/Devops/Works/NodeJsTestingJest/Codes/unit_tests/medium/fetchData.js": {"path":"/home/hrh/Documents/Workspace/Devops/Works/NodeJsTestingJest/Codes/unit_tests/medium/fetchData.js","statementMap":{"0":{"start":{"line":1,"column":14},"end":{"line":1,"column":30}},"1":{"start":{"line":4,"column":21},"end":{"line":4,"column":41}},"2":{"start":{"line":5,"column":4},"end":{"line":5,"column":25}},"3":{"start":{"line":8,"column":0},"end":{"line":8,"column":29}}},"fnMap":{"0":{"name":"fetchData","decl":{"start":{"line":3,"column":15},"end":{"line":3,"column":24}},"loc":{"start":{"line":3,"column":30},"end":{"line":6,"column":1}},"line":3}},"branchMap":{},"s":{"0":3,"1":2,"2":1,"3":3},"f":{"0":2},"b":{},"_coverageSchema":"1a1c01bbd47fc00a2c39e90264f33305004495a9","hash":"ee21b6fc9bb69474e2bfd1e18ebf6dc140392c95"}
,"/home/hrh/Documents/Workspace/Devops/Works/NodeJsTestingJest/Codes/unit_tests/medium/user.js": {"path":"/home/hrh/Documents/Workspace/Devops/Works/NodeJsTestingJest/Codes/unit_tests/medium/user.js","statementMap":{"0":{"start":{"line":1,"column":20},"end":{"line":1,"column":42}},"1":{"start":{"line":4,"column":16},"end":{"line":4,"column":70}},"2":{"start":{"line":5,"column":4},"end":{"line":5,"column":32}},"3":{"start":{"line":8,"column":0},"end":{"line":8,"column":31}}},"fnMap":{"0":{"name":"getUserData","decl":{"start":{"line":3,"column":15},"end":{"line":3,"column":26}},"loc":{"start":{"line":3,"column":35},"end":{"line":6,"column":1}},"line":3}},"branchMap":{},"s":{"0":1,"1":1,"2":1,"3":1},"f":{"0":1},"b":{},"_coverageSchema":"1a1c01bbd47fc00a2c39e90264f33305004495a9","hash":"7c666131fc06c5170d44777564d721d39f10a329"}
,"/home/hrh/Documents/Workspace/Devops/Works/NodeJsTestingJest/Codes/unit_tests/medium/user_with_error_handling.js": {"path":"/home/hrh/Documents/Workspace/Devops/Works/NodeJsTestingJest/Codes/unit_tests/medium/user_with_error_handling.js","statementMap":{"0":{"start":{"line":1,"column":20},"end":{"line":1,"column":50}},"1":{"start":{"line":4,"column":4},"end":{"line":10,"column":5}},"2":{"start":{"line":5,"column":20},"end":{"line":5,"column":74}},"3":{"start":{"line":6,"column":21},"end":{"line":6,"column":41}},"4":{"start":{"line":7,"column":8},"end":{"line":7,"column":20}},"5":{"start":{"line":9,"column":8},"end":{"line":9,"column":53}},"6":{"start":{"line":13,"column":0},"end":{"line":13,"column":31}}},"fnMap":{"0":{"name":"getUserData","decl":{"start":{"line":3,"column":15},"end":{"line":3,"column":26}},"loc":{"start":{"line":3,"column":35},"end":{"line":11,"column":1}},"line":3}},"branchMap":{},"s":{"0":1,"1":1,"2":1,"3":1,"4":0,"5":1,"6":1},"f":{"0":1},"b":{},"_coverageSchema":"1a1c01bbd47fc00a2c39e90264f33305004495a9","hash":"c9ade66f0c9808b9e41276b6dd5c12ccd19c8890"}
}
