TN:
SF:intro/math_functions.js
FN:2,add
FN:6,subtract
FNF:2
FNH:2
FNDA:5,add
FNDA:5,subtract
DA:3,5
DA:7,5
DA:10,1
LF:3
LH:3
BRF:0
BRH:0
end_of_record
TN:
SF:medium/fetchData.js
FN:3,fetchData
FNF:1
FNH:1
FNDA:2,fetchData
DA:1,3
DA:4,2
DA:5,1
DA:8,3
LF:4
LH:4
BRF:0
BRH:0
end_of_record
TN:
SF:medium/user.js
FN:3,getUserData
FNF:1
FNH:1
FNDA:1,getUserData
DA:1,1
DA:4,1
DA:5,1
DA:8,1
LF:4
LH:4
BRF:0
BRH:0
end_of_record
TN:
SF:medium/user_with_error_handling.js
FN:3,getUserData
FNF:1
FNH:1
FNDA:1,getUserData
DA:1,1
DA:4,1
DA:5,1
DA:6,1
DA:7,0
DA:9,1
DA:13,1
LF:7
LH:6
BRF:0
BRH:0
end_of_record
